Unity Editor version:    2020.3.17f1 (a4537701e4ab)
Branch:                  2020.3/staging
Build type:              Release
Batch mode:              YES
macOS version:           Version 11.5.2 (Build 20G95)
Darwin version:          20.6.0
Architecture:            x86_64
Running under Rosetta:   NO
Available memory:        16384 MB
Using pre-set license
Pro License: NO

COMMAND LINE ARGUMENTS:
/Users/gavinprice/Desktop/Game Production 1/Unity/2020.3.17f1/Unity.app/Contents/MacOS/Unity
-adb2
-batchMode
-noUpm
-name
AssetImportWorker0
-projectPath
/Users/gavinprice/Desktop/Game Production 1/PRICE-fall-2021-Cerebral_Leap/CerebralLeap
-logFile
Logs/AssetImportWorker0.log
-srvPort
62348
Successfully changed project path to: /Users/gavinprice/Desktop/Game Production 1/PRICE-fall-2021-Cerebral_Leap/CerebralLeap
/Users/gavinprice/Desktop/Game Production 1/PRICE-fall-2021-Cerebral_Leap/CerebralLeap
Using Asset Import Pipeline V2.
Refreshing native plugins compatible for Editor in 54.08 ms, found 2 plugins.
Preloading 0 native plugins for Editor in 0.00 ms.
Initialize engine version: 2020.3.17f1 (a4537701e4ab)
[Subsystems] Discovering subsystems at path /Users/gavinprice/Desktop/Game Production 1/Unity/2020.3.17f1/Unity.app/Contents/Resources/UnitySubsystems
[Subsystems] Discovering subsystems at path /Users/gavinprice/Desktop/Game Production 1/PRICE-fall-2021-Cerebral_Leap/CerebralLeap/Assets
GfxDevice: creating device client; threaded=0
2021-09-23 10:48:22.185 Unity[41142:979062] Color LCD preferred device: Intel(R) Iris(TM) Plus Graphics (low power)
2021-09-23 10:48:22.185 Unity[41142:979062] Metal devices available: 1
2021-09-23 10:48:22.185 Unity[41142:979062] 0: Intel(R) Iris(TM) Plus Graphics (low power)
2021-09-23 10:48:22.186 Unity[41142:979062] Using device Intel(R) Iris(TM) Plus Graphics (low power)
Initializing Metal device caps: Intel(R) Iris(TM) Plus Graphics
Initialize mono
Mono path[0] = '/Users/gavinprice/Desktop/Game Production 1/Unity/2020.3.17f1/Unity.app/Contents/Managed'
Mono path[1] = '/Users/gavinprice/Desktop/Game Production 1/Unity/2020.3.17f1/Unity.app/Contents/MonoBleedingEdge/lib/mono/unityjit'
Mono config path = '/Users/gavinprice/Desktop/Game Production 1/Unity/2020.3.17f1/Unity.app/Contents/MonoBleedingEdge/etc'
Using monoOptions --debugger-agent=transport=dt_socket,embedding=1,server=y,suspend=n,address=127.0.0.1:56142
Begin MonoManager ReloadAssembly
Registering precompiled unity dll's ...
Register platform support module: /Users/gavinprice/Desktop/Game Production 1/Unity/2020.3.17f1/PlaybackEngines/WebGLSupport/UnityEditor.WebGL.Extensions.dll
Register platform support module: /Users/gavinprice/Desktop/Game Production 1/Unity/2020.3.17f1/Unity.app/Contents/PlaybackEngines/MacStandaloneSupport/UnityEditor.OSXStandalone.Extensions.dll
Registered in 0.000886 seconds.
Native extension for OSXStandalone target not found
Native extension for WebGL target not found
Refreshing native plugins compatible for Editor in 54.04 ms, found 2 plugins.
Preloading 0 native plugins for Editor in 0.00 ms.
Mono: successfully reloaded assembly
- Completed reload, in  1.875 seconds
Domain Reload Profiling:
	ReloadAssembly (1876ms)
		BeginReloadAssembly (50ms)
			ExecutionOrderSort (0ms)
			DisableScriptedObjects (0ms)
			BackupInstance (0ms)
			ReleaseScriptingObjects (0ms)
			CreateAndSetChildDomain (1ms)
		EndReloadAssembly (599ms)
			LoadAssemblies (49ms)
			RebuildTransferFunctionScriptingTraits (0ms)
			SetupTypeCache (235ms)
			ReleaseScriptCaches (0ms)
			RebuildScriptCaches (53ms)
			SetupLoadedEditorAssemblies (248ms)
				LogAssemblyErrors (0ms)
				InitializePlatformSupportModulesInManaged (6ms)
				SetLoadedEditorAssemblies (0ms)
				RefreshPlugins (54ms)
				BeforeProcessingInitializeOnLoad (13ms)
				ProcessInitializeOnLoadAttributes (133ms)
				ProcessInitializeOnLoadMethodAttributes (41ms)
				AfterProcessingInitializeOnLoad (0ms)
				EditorAssembliesLoaded (0ms)
			ExecutionOrderSort2 (0ms)
			AwakeInstancesAfterBackupRestoration (0ms)
Platform modules already initialized, skipping
Registering precompiled user dll's ...
Registered in 0.001915 seconds.
Begin MonoManager ReloadAssembly
Native extension for OSXStandalone target not found
Native extension for WebGL target not found
Refreshing native plugins compatible for Editor in 50.92 ms, found 2 plugins.
Preloading 0 native plugins for Editor in 0.00 ms.
Mono: successfully reloaded assembly
- Completed reload, in  1.697 seconds
Domain Reload Profiling:
	ReloadAssembly (1698ms)
		BeginReloadAssembly (206ms)
			ExecutionOrderSort (0ms)
			DisableScriptedObjects (5ms)
			BackupInstance (0ms)
			ReleaseScriptingObjects (0ms)
			CreateAndSetChildDomain (48ms)
		EndReloadAssembly (1399ms)
			LoadAssemblies (95ms)
			RebuildTransferFunctionScriptingTraits (0ms)
			SetupTypeCache (459ms)
			ReleaseScriptCaches (0ms)
			RebuildScriptCaches (79ms)
			SetupLoadedEditorAssemblies (613ms)
				LogAssemblyErrors (0ms)
				InitializePlatformSupportModulesInManaged (6ms)
				SetLoadedEditorAssemblies (0ms)
				RefreshPlugins (51ms)
				BeforeProcessingInitializeOnLoad (75ms)
				ProcessInitializeOnLoadAttributes (469ms)
				ProcessInitializeOnLoadMethodAttributes (9ms)
				AfterProcessingInitializeOnLoad (2ms)
				EditorAssembliesLoaded (0ms)
			ExecutionOrderSort2 (0ms)
			AwakeInstancesAfterBackupRestoration (10ms)
Platform modules already initialized, skipping
Validating Project structure ... 0.003227 seconds.
Shader import version has changed; will reimport all shaders...
Upgrading shader files ...0.005473 seconds.
Application.AssetDatabase Initial Script Refresh Start
RefreshInfo: InitialScriptRefreshV2(NoUpdateAssetOptions) scanfilter:  ... 1 filters
RefreshProfiler: Total: 0.000ms
Application.AssetDatabase Initial Script Refresh End
Application.AssetDatabase.Refresh Start
Application.AssetDatabase.Refresh End
RefreshInfo: StopAssetImportingV2(ForceSynchronousImport) scanfilter: 
RefreshProfiler: Total: 0.000ms
Launching external process: /Users/gavinprice/Desktop/Game Production 1/Unity/2020.3.17f1/Unity.app/Contents/Tools/UnityShaderCompiler
Launched and connected shader compiler UnityShaderCompiler after 0.01 seconds
Initializing Unity extensions:
========================================================================
Worker process is ready to serve import requests
Refreshing native plugins compatible for Editor in 0.52 ms, found 2 plugins.
Preloading 0 native plugins for Editor in 0.00 ms.
Unloading 2249 Unused Serialized files (Serialized files now loaded: 0)
System memory in use before: 205.8 MB.
System memory in use after: 205.0 MB.

Unloading 153 unused Assets to reduce memory usage. Loaded Objects now: 2725.
Total: 6.950702 ms (FindLiveObjects: 0.519464 ms CreateObjectMapping: 0.199246 ms MarkObjects: 5.017284 ms  DeleteObjects: 1.212592 ms)

AssetImportParameters requested are different than current active one (requested -> active):
  custom:video-decoder-ogg-theora: a1e56fd34408186e4bbccfd4996cb3dc -> 
  custom:container-muxer-webm: aa71ff27fc2769a1b78a27578f13a17b -> 
  custom:container-demuxer-webm: 4f35f7cbe854078d1ac9338744f61a02 -> 
  custom:container-demuxer-ogg: 62fdf1f143b41e24485cea50d1cbac27 -> 
  custom:video-encoder-webm-vp8: eb34c28f22e8b96e1ab97ce403110664 -> 
  custom:framework-osx-AVFoundation: e770b220cccbd017edd2c1fefb359320 -> 
  custom:video-decoder-webm-vp8: 9c59270c3fd7afecdb556c50c9e8de78 -> 
  custom:audio-decoder-ogg-vorbis: bf7c407c2cedff20999df2af8eb42d56 -> 
  custom:audio-encoder-webm-vorbis: bf7c407c2cedff20999df2af8eb42d56 -> 
========================================================================
Received Import Request.
  path: Assets/Chest/TreasureChest/Treasurechest_AO.png
  artifactKey: Guid(abe1371afbbc04023a27ebfbd2aad037) Importer(815301076,1909f56bfc062723c751e8b465ee728b)
Start importing Assets/Chest/TreasureChest/Treasurechest_AO.png using Guid(abe1371afbbc04023a27ebfbd2aad037) Importer(815301076,1909f56bfc062723c751e8b465ee728b)  -> (artifact id: '65cbd07721fe88e56dfe33865527ac79') in 1.326525 seconds 
  Import took 1.331460 seconds .

========================================================================
Received Import Request.
  Time since last request: 0.004318 seconds.
  path: Assets/Chest/TreasureChest/Treasurechest_DIFF.png
  artifactKey: Guid(14c70d4a46ea24ede92f03230a3a924e) Importer(815301076,1909f56bfc062723c751e8b465ee728b)
Start importing Assets/Chest/TreasureChest/Treasurechest_DIFF.png using Guid(14c70d4a46ea24ede92f03230a3a924e) Importer(815301076,1909f56bfc062723c751e8b465ee728b)  -> (artifact id: '96f909304720d951f330d4807a42b3da') in 0.013351 seconds 
  Import took 0.018756 seconds .

========================================================================
Received Import Request.
  Time since last request: 0.001310 seconds.
  path: Assets/Chest/TreasureChest
  artifactKey: Guid(76abfaba6fca5413289f95800b745df9) Importer(815301076,1909f56bfc062723c751e8b465ee728b)
Start importing Assets/Chest/TreasureChest using Guid(76abfaba6fca5413289f95800b745df9) Importer(815301076,1909f56bfc062723c751e8b465ee728b)  -> (artifact id: '93a7aa01f69b1032b10bd69effc18254') in 0.001224 seconds 
  Import took 0.005277 seconds .

========================================================================
Received Import Request.
  Time since last request: 0.000455 seconds.
  path: Assets/Chest/TreasureChest/treasure_chest.obj
  artifactKey: Guid(f136cf7cebb7640898ce65a4636609be) Importer(815301076,1909f56bfc062723c751e8b465ee728b)
Start importing Assets/Chest/TreasureChest/treasure_chest.obj using Guid(f136cf7cebb7640898ce65a4636609be) Importer(815301076,1909f56bfc062723c751e8b465ee728b)  -> (artifact id: '16710d10509334808c28285b8a3da402') in 2.006158 seconds 
  Import took 2.012526 seconds .

========================================================================
Received Import Request.
  Time since last request: 0.004566 seconds.
  path: Assets/Chest/TreasureChest/treasure_chest.FBX
  artifactKey: Guid(284c5eb4879b94acab786952dfa4fb63) Importer(815301076,1909f56bfc062723c751e8b465ee728b)
Start importing Assets/Chest/TreasureChest/treasure_chest.FBX using Guid(284c5eb4879b94acab786952dfa4fb63) Importer(815301076,1909f56bfc062723c751e8b465ee728b)  -> (artifact id: '57c080c861d7ace4441c8c2862b07ddd') in 1.517923 seconds 
  Import took 1.522895 seconds .

========================================================================
Received Import Request.
  Time since last request: 0.002760 seconds.
  path: Assets/Chest/TreasureChest/Treasurechest_NRM.png
  artifactKey: Guid(cf058dce40ff546e2bef83e59373a65b) Importer(815301076,1909f56bfc062723c751e8b465ee728b)
Start importing Assets/Chest/TreasureChest/Treasurechest_NRM.png using Guid(cf058dce40ff546e2bef83e59373a65b) Importer(815301076,1909f56bfc062723c751e8b465ee728b)  -> (artifact id: 'c13e135b6e999cb02d91d414e3823b72') in 0.012571 seconds 
  Import took 0.017486 seconds .

========================================================================
Received Import Request.
  Time since last request: 785.670794 seconds.
  path: Assets/Chest/chest3-final.blend
  artifactKey: Guid(6ff705068571a4b3da7284e4b09e3b96) Importer(815301076,1909f56bfc062723c751e8b465ee728b)
Start importing Assets/Chest/chest3-final.blend using Guid(6ff705068571a4b3da7284e4b09e3b96) Importer(815301076,1909f56bfc062723c751e8b465ee728b)  -> (artifact id: '4411a8ece4d63fdc8a1f16b5cd619174') in 0.467240 seconds 
  Import took 0.473276 seconds .

========================================================================
Received Import Request.
  Time since last request: 7.330620 seconds.
  path: Assets
  artifactKey: Guid(00000000000000001000000000000000) Importer(815301076,1909f56bfc062723c751e8b465ee728b)
Start importing Assets using Guid(00000000000000001000000000000000) Importer(815301076,1909f56bfc062723c751e8b465ee728b)  -> (artifact id: '42d402b061de3733987d63b9cc3b64de') in 0.001442 seconds 
  Import took 0.006703 seconds .

========================================================================
Received Import Request.
  Time since last request: 0.009073 seconds.
  path: Assets
  artifactKey: Guid(00000000000000001000000000000000) Importer(815301076,1909f56bfc062723c751e8b465ee728b)
Start importing Assets using Guid(00000000000000001000000000000000) Importer(815301076,1909f56bfc062723c751e8b465ee728b)  -> (artifact id: '42d402b061de3733987d63b9cc3b64de') in 0.001693 seconds 
  Import took 0.008563 seconds .

AssetImportWorkerClient::OnTransportError - code=2 error=End of file
